<?xml version="1.0" encoding="UTF-8"?>
<testsuite name="com.javasampleapproach.cassandra.SpringDataCassandraApplicationTests" time="0.005" tests="1" errors="1" skipped="0" failures="0">
  <properties>
    <property name="java.runtime.name" value="OpenJDK Runtime Environment"/>
    <property name="sun.boot.library.path" value="/usr/lib/jvm/java-8-openjdk-amd64/jre/lib/amd64"/>
    <property name="java.vm.version" value="25.131-b11"/>
    <property name="java.vm.vendor" value="Oracle Corporation"/>
    <property name="maven.multiModuleProjectDirectory" value="/home/tuannh/eclipse-workspace/SpringDataCassandra"/>
    <property name="java.vendor.url" value="http://java.oracle.com/"/>
    <property name="path.separator" value=":"/>
    <property name="guice.disable.misplaced.annotation.check" value="true"/>
    <property name="java.vm.name" value="OpenJDK 64-Bit Server VM"/>
    <property name="file.encoding.pkg" value="sun.io"/>
    <property name="user.country" value="US"/>
    <property name="sun.java.launcher" value="SUN_STANDARD"/>
    <property name="sun.os.patch.level" value="unknown"/>
    <property name="java.vm.specification.name" value="Java Virtual Machine Specification"/>
    <property name="user.dir" value="/home/tuannh/eclipse-workspace/SpringDataCassandra"/>
    <property name="java.runtime.version" value="1.8.0_131-8u131-b11-2ubuntu1.16.04.3-b11"/>
    <property name="java.awt.graphicsenv" value="sun.awt.X11GraphicsEnvironment"/>
    <property name="java.endorsed.dirs" value="/usr/lib/jvm/java-8-openjdk-amd64/jre/lib/endorsed"/>
    <property name="os.arch" value="amd64"/>
    <property name="java.io.tmpdir" value="/tmp"/>
    <property name="line.separator" value="&#10;"/>
    <property name="java.vm.specification.vendor" value="Oracle Corporation"/>
    <property name="os.name" value="Linux"/>
    <property name="classworlds.conf" value="/usr/share/maven/bin/m2.conf"/>
    <property name="sun.jnu.encoding" value="UTF-8"/>
    <property name="java.library.path" value="/usr/java/packages/lib/amd64:/usr/lib/x86_64-linux-gnu/jni:/lib/x86_64-linux-gnu:/usr/lib/x86_64-linux-gnu:/usr/lib/jni:/lib:/usr/lib"/>
    <property name="java.specification.name" value="Java Platform API Specification"/>
    <property name="java.class.version" value="52.0"/>
    <property name="sun.management.compiler" value="HotSpot 64-Bit Tiered Compilers"/>
    <property name="os.version" value="4.4.0-93-generic"/>
    <property name="user.home" value="/home/tuannh"/>
    <property name="user.timezone" value="Asia/Ho_Chi_Minh"/>
    <property name="java.awt.printerjob" value="sun.print.PSPrinterJob"/>
    <property name="file.encoding" value="UTF-8"/>
    <property name="java.specification.version" value="1.8"/>
    <property name="user.name" value="tuannh"/>
    <property name="java.class.path" value="/usr/share/maven/boot/plexus-classworlds-2.x.jar"/>
    <property name="java.vm.specification.version" value="1.8"/>
    <property name="sun.arch.data.model" value="64"/>
    <property name="java.home" value="/usr/lib/jvm/java-8-openjdk-amd64/jre"/>
    <property name="sun.java.command" value="org.codehaus.plexus.classworlds.launcher.Launcher install"/>
    <property name="java.specification.vendor" value="Oracle Corporation"/>
    <property name="user.language" value="en"/>
    <property name="awt.toolkit" value="sun.awt.X11.XToolkit"/>
    <property name="java.vm.info" value="mixed mode"/>
    <property name="java.version" value="1.8.0_131"/>
    <property name="java.ext.dirs" value="/usr/lib/jvm/java-8-openjdk-amd64/jre/lib/ext:/usr/java/packages/lib/ext"/>
    <property name="securerandom.source" value="file:/dev/./urandom"/>
    <property name="sun.boot.class.path" value="/usr/lib/jvm/java-8-openjdk-amd64/jre/lib/resources.jar:/usr/lib/jvm/java-8-openjdk-amd64/jre/lib/rt.jar:/usr/lib/jvm/java-8-openjdk-amd64/jre/lib/sunrsasign.jar:/usr/lib/jvm/java-8-openjdk-amd64/jre/lib/jsse.jar:/usr/lib/jvm/java-8-openjdk-amd64/jre/lib/jce.jar:/usr/lib/jvm/java-8-openjdk-amd64/jre/lib/charsets.jar:/usr/lib/jvm/java-8-openjdk-amd64/jre/lib/jfr.jar:/usr/lib/jvm/java-8-openjdk-amd64/jre/classes"/>
    <property name="java.vendor" value="Oracle Corporation"/>
    <property name="maven.home" value="/usr/share/maven"/>
    <property name="file.separator" value="/"/>
    <property name="java.vendor.url.bug" value="http://bugreport.sun.com/bugreport/"/>
    <property name="sun.cpu.endian" value="little"/>
    <property name="sun.io.unicode.encoding" value="UnicodeLittle"/>
    <property name="sun.desktop" value="gnome"/>
    <property name="sun.cpu.isalist" value=""/>
  </properties>
  <testcase name="initializationError" classname="com.javasampleapproach.cassandra.SpringDataCassandraApplicationTests" time="0.005">
    <error message="Unable to find a @SpringBootConfiguration, you need to use @ContextConfiguration or @SpringBootTest(classes=...) with your test" type="java.lang.IllegalStateException"><![CDATA[java.lang.IllegalStateException: Unable to find a @SpringBootConfiguration, you need to use @ContextConfiguration or @SpringBootTest(classes=...) with your test
	at org.springframework.util.Assert.state(Assert.java:392)
	at org.springframework.boot.test.context.SpringBootTestContextBootstrapper.getOrFindConfigurationClasses(SpringBootTestContextBootstrapper.java:173)
	at org.springframework.boot.test.context.SpringBootTestContextBootstrapper.processMergedContextConfiguration(SpringBootTestContextBootstrapper.java:133)
	at org.springframework.test.context.support.AbstractTestContextBootstrapper.buildMergedContextConfiguration(AbstractTestContextBootstrapper.java:409)
	at org.springframework.test.context.support.AbstractTestContextBootstrapper.buildDefaultMergedContextConfiguration(AbstractTestContextBootstrapper.java:323)
	at org.springframework.test.context.support.AbstractTestContextBootstrapper.buildMergedContextConfiguration(AbstractTestContextBootstrapper.java:277)
	at org.springframework.test.context.support.AbstractTestContextBootstrapper.buildTestContext(AbstractTestContextBootstrapper.java:112)
	at org.springframework.boot.test.context.SpringBootTestContextBootstrapper.buildTestContext(SpringBootTestContextBootstrapper.java:78)
	at org.springframework.test.context.TestContextManager.<init>(TestContextManager.java:120)
	at org.springframework.test.context.TestContextManager.<init>(TestContextManager.java:105)
	at org.springframework.test.context.junit4.SpringJUnit4ClassRunner.createTestContextManager(SpringJUnit4ClassRunner.java:152)
	at org.springframework.test.context.junit4.SpringJUnit4ClassRunner.<init>(SpringJUnit4ClassRunner.java:143)
	at org.springframework.test.context.junit4.SpringRunner.<init>(SpringRunner.java:49)
	at sun.reflect.NativeConstructorAccessorImpl.newInstance0(Native Method)
	at sun.reflect.NativeConstructorAccessorImpl.newInstance(NativeConstructorAccessorImpl.java:62)
	at sun.reflect.DelegatingConstructorAccessorImpl.newInstance(DelegatingConstructorAccessorImpl.java:45)
	at java.lang.reflect.Constructor.newInstance(Constructor.java:423)
	at org.junit.internal.builders.AnnotatedBuilder.buildRunner(AnnotatedBuilder.java:104)
	at org.junit.internal.builders.AnnotatedBuilder.runnerForClass(AnnotatedBuilder.java:86)
	at org.junit.runners.model.RunnerBuilder.safeRunnerForClass(RunnerBuilder.java:59)
	at org.junit.internal.builders.AllDefaultPossibilitiesBuilder.runnerForClass(AllDefaultPossibilitiesBuilder.java:26)
	at org.junit.runners.model.RunnerBuilder.safeRunnerForClass(RunnerBuilder.java:59)
	at org.junit.internal.requests.ClassRequest.getRunner(ClassRequest.java:33)
	at org.apache.maven.surefire.junit4.JUnit4Provider.execute(JUnit4Provider.java:283)
	at org.apache.maven.surefire.junit4.JUnit4Provider.executeWithRerun(JUnit4Provider.java:173)
	at org.apache.maven.surefire.junit4.JUnit4Provider.executeTestSet(JUnit4Provider.java:153)
	at org.apache.maven.surefire.junit4.JUnit4Provider.invoke(JUnit4Provider.java:128)
	at org.apache.maven.surefire.booter.ForkedBooter.invokeProviderInSameClassLoader(ForkedBooter.java:203)
	at org.apache.maven.surefire.booter.ForkedBooter.runSuitesInProcess(ForkedBooter.java:155)
	at org.apache.maven.surefire.booter.ForkedBooter.main(ForkedBooter.java:103)
]]></error>
    <system-out><![CDATA[09:54:23.873 [main] DEBUG org.springframework.test.context.junit4.SpringJUnit4ClassRunner - SpringJUnit4ClassRunner constructor called with [class com.javasampleapproach.cassandra.SpringDataCassandraApplicationTests]
09:54:23.876 [main] DEBUG org.springframework.test.context.BootstrapUtils - Instantiating CacheAwareContextLoaderDelegate from class [org.springframework.test.context.cache.DefaultCacheAwareContextLoaderDelegate]
09:54:23.881 [main] DEBUG org.springframework.test.context.BootstrapUtils - Instantiating BootstrapContext using constructor [public org.springframework.test.context.support.DefaultBootstrapContext(java.lang.Class,org.springframework.test.context.CacheAwareContextLoaderDelegate)]
09:54:23.893 [main] DEBUG org.springframework.test.context.BootstrapUtils - Instantiating TestContextBootstrapper for test class [com.javasampleapproach.cassandra.SpringDataCassandraApplicationTests] from class [org.springframework.boot.test.context.SpringBootTestContextBootstrapper]
09:54:23.901 [main] INFO org.springframework.boot.test.context.SpringBootTestContextBootstrapper - Neither @ContextConfiguration nor @ContextHierarchy found for test class [com.javasampleapproach.cassandra.SpringDataCassandraApplicationTests], using SpringBootContextLoader
09:54:23.903 [main] DEBUG org.springframework.test.context.support.AbstractContextLoader - Did not detect default resource location for test class [com.javasampleapproach.cassandra.SpringDataCassandraApplicationTests]: class path resource [com/javasampleapproach/cassandra/SpringDataCassandraApplicationTests-context.xml] does not exist
09:54:23.903 [main] DEBUG org.springframework.test.context.support.AbstractContextLoader - Did not detect default resource location for test class [com.javasampleapproach.cassandra.SpringDataCassandraApplicationTests]: class path resource [com/javasampleapproach/cassandra/SpringDataCassandraApplicationTestsContext.groovy] does not exist
09:54:23.903 [main] INFO org.springframework.test.context.support.AbstractContextLoader - Could not detect default resource locations for test class [com.javasampleapproach.cassandra.SpringDataCassandraApplicationTests]: no resource found for suffixes {-context.xml, Context.groovy}.
09:54:23.904 [main] INFO org.springframework.test.context.support.AnnotationConfigContextLoaderUtils - Could not detect default configuration classes for test class [com.javasampleapproach.cassandra.SpringDataCassandraApplicationTests]: SpringDataCassandraApplicationTests does not declare any static, non-private, non-final, nested classes annotated with @Configuration.
09:54:23.925 [main] DEBUG org.springframework.test.context.support.ActiveProfilesUtils - Could not find an 'annotation declaring class' for annotation type [org.springframework.test.context.ActiveProfiles] and class [com.javasampleapproach.cassandra.SpringDataCassandraApplicationTests]
09:54:23.930 [main] DEBUG org.springframework.core.env.StandardEnvironment - Adding [systemProperties] PropertySource with lowest search precedence
09:54:23.931 [main] DEBUG org.springframework.core.env.StandardEnvironment - Adding [systemEnvironment] PropertySource with lowest search precedence
09:54:23.931 [main] DEBUG org.springframework.core.env.StandardEnvironment - Initialized StandardEnvironment with PropertySources [systemProperties,systemEnvironment]
09:54:23.937 [main] DEBUG org.springframework.core.io.support.PathMatchingResourcePatternResolver - Resolved classpath location [com/javasampleapproach/cassandra/] to resources [URL [file:/home/tuannh/eclipse-workspace/SpringDataCassandra/target/test-classes/com/javasampleapproach/cassandra/]]
09:54:23.937 [main] DEBUG org.springframework.core.io.support.PathMatchingResourcePatternResolver - Looking for matching resources in directory tree [/home/tuannh/eclipse-workspace/SpringDataCassandra/target/test-classes/com/javasampleapproach/cassandra]
09:54:23.938 [main] DEBUG org.springframework.core.io.support.PathMatchingResourcePatternResolver - Searching directory [/home/tuannh/eclipse-workspace/SpringDataCassandra/target/test-classes/com/javasampleapproach/cassandra] for files matching pattern [/home/tuannh/eclipse-workspace/SpringDataCassandra/target/test-classes/com/javasampleapproach/cassandra/*.class]
09:54:23.940 [main] DEBUG org.springframework.core.io.support.PathMatchingResourcePatternResolver - Resolved location pattern [classpath*:com/javasampleapproach/cassandra/*.class] to resources [file [/home/tuannh/eclipse-workspace/SpringDataCassandra/target/test-classes/com/javasampleapproach/cassandra/SpringDataCassandraApplicationTests.class]]
09:54:23.950 [main] DEBUG org.springframework.core.io.support.PathMatchingResourcePatternResolver - Resolved classpath location [com/javasampleapproach/] to resources [URL [file:/home/tuannh/eclipse-workspace/SpringDataCassandra/target/test-classes/com/javasampleapproach/]]
09:54:23.950 [main] DEBUG org.springframework.core.io.support.PathMatchingResourcePatternResolver - Looking for matching resources in directory tree [/home/tuannh/eclipse-workspace/SpringDataCassandra/target/test-classes/com/javasampleapproach]
09:54:23.950 [main] DEBUG org.springframework.core.io.support.PathMatchingResourcePatternResolver - Searching directory [/home/tuannh/eclipse-workspace/SpringDataCassandra/target/test-classes/com/javasampleapproach] for files matching pattern [/home/tuannh/eclipse-workspace/SpringDataCassandra/target/test-classes/com/javasampleapproach/*.class]
09:54:23.951 [main] DEBUG org.springframework.core.io.support.PathMatchingResourcePatternResolver - Resolved location pattern [classpath*:com/javasampleapproach/*.class] to resources []
09:54:23.951 [main] DEBUG org.springframework.core.io.support.PathMatchingResourcePatternResolver - Resolved classpath location [com/] to resources [URL [file:/home/tuannh/eclipse-workspace/SpringDataCassandra/target/test-classes/com/], URL [file:/home/tuannh/eclipse-workspace/SpringDataCassandra/target/classes/com/], URL [jar:file:/home/tuannh/repository/com/google/guava/guava/19.0/guava-19.0.jar!/com/], URL [jar:file:/home/tuannh/repository/com/datastax/cassandra/cassandra-driver-core/3.1.3/cassandra-driver-core-3.1.3.jar!/com/], URL [jar:file:/home/tuannh/repository/io/dropwizard/metrics/metrics-core/3.1.2/metrics-core-3.1.2.jar!/com/], URL [jar:file:/home/tuannh/repository/com/github/jnr/jffi/1.2.10/jffi-1.2.10.jar!/com/], URL [jar:file:/home/tuannh/repository/com/github/jnr/jnr-x86asm/1.0.2/jnr-x86asm-1.0.2.jar!/com/], URL [jar:file:/home/tuannh/repository/com/github/jnr/jnr-constants/0.9.0/jnr-constants-0.9.0.jar!/com/], URL [jar:file:/home/tuannh/repository/com/jayway/jsonpath/json-path/2.2.0/json-path-2.2.0.jar!/com/]]
09:54:23.951 [main] DEBUG org.springframework.core.io.support.PathMatchingResourcePatternResolver - Looking for matching resources in directory tree [/home/tuannh/eclipse-workspace/SpringDataCassandra/target/test-classes/com]
09:54:23.951 [main] DEBUG org.springframework.core.io.support.PathMatchingResourcePatternResolver - Searching directory [/home/tuannh/eclipse-workspace/SpringDataCassandra/target/test-classes/com] for files matching pattern [/home/tuannh/eclipse-workspace/SpringDataCassandra/target/test-classes/com/*.class]
09:54:23.951 [main] DEBUG org.springframework.core.io.support.PathMatchingResourcePatternResolver - Looking for matching resources in directory tree [/home/tuannh/eclipse-workspace/SpringDataCassandra/target/classes/com]
09:54:23.952 [main] DEBUG org.springframework.core.io.support.PathMatchingResourcePatternResolver - Searching directory [/home/tuannh/eclipse-workspace/SpringDataCassandra/target/classes/com] for files matching pattern [/home/tuannh/eclipse-workspace/SpringDataCassandra/target/classes/com/*.class]
09:54:23.952 [main] DEBUG org.springframework.core.io.support.PathMatchingResourcePatternResolver - Looking for matching resources in jar file [file:/home/tuannh/repository/com/google/guava/guava/19.0/guava-19.0.jar]
09:54:23.961 [main] DEBUG org.springframework.core.io.support.PathMatchingResourcePatternResolver - Looking for matching resources in jar file [file:/home/tuannh/repository/com/datastax/cassandra/cassandra-driver-core/3.1.3/cassandra-driver-core-3.1.3.jar]
09:54:23.963 [main] DEBUG org.springframework.core.io.support.PathMatchingResourcePatternResolver - Looking for matching resources in jar file [file:/home/tuannh/repository/io/dropwizard/metrics/metrics-core/3.1.2/metrics-core-3.1.2.jar]
09:54:23.964 [main] DEBUG org.springframework.core.io.support.PathMatchingResourcePatternResolver - Looking for matching resources in jar file [file:/home/tuannh/repository/com/github/jnr/jffi/1.2.10/jffi-1.2.10.jar]
09:54:23.964 [main] DEBUG org.springframework.core.io.support.PathMatchingResourcePatternResolver - Looking for matching resources in jar file [file:/home/tuannh/repository/com/github/jnr/jnr-x86asm/1.0.2/jnr-x86asm-1.0.2.jar]
09:54:23.964 [main] DEBUG org.springframework.core.io.support.PathMatchingResourcePatternResolver - Looking for matching resources in jar file [file:/home/tuannh/repository/com/github/jnr/jnr-constants/0.9.0/jnr-constants-0.9.0.jar]
09:54:23.965 [main] DEBUG org.springframework.core.io.support.PathMatchingResourcePatternResolver - Looking for matching resources in jar file [file:/home/tuannh/repository/com/jayway/jsonpath/json-path/2.2.0/json-path-2.2.0.jar]
09:54:23.965 [main] DEBUG org.springframework.core.io.support.PathMatchingResourcePatternResolver - Resolved location pattern [classpath*:com/*.class] to resources []
09:54:23.967 [main] DEBUG org.springframework.test.context.junit4.SpringJUnit4ClassRunner - SpringJUnit4ClassRunner constructor called with [class com.javasampleapproach.cassandra.SpringDataCassandraApplicationTests]
09:54:23.967 [main] DEBUG org.springframework.test.context.BootstrapUtils - Instantiating CacheAwareContextLoaderDelegate from class [org.springframework.test.context.cache.DefaultCacheAwareContextLoaderDelegate]
09:54:23.968 [main] DEBUG org.springframework.test.context.BootstrapUtils - Instantiating BootstrapContext using constructor [public org.springframework.test.context.support.DefaultBootstrapContext(java.lang.Class,org.springframework.test.context.CacheAwareContextLoaderDelegate)]
09:54:23.968 [main] DEBUG org.springframework.test.context.BootstrapUtils - Instantiating TestContextBootstrapper for test class [com.javasampleapproach.cassandra.SpringDataCassandraApplicationTests] from class [org.springframework.boot.test.context.SpringBootTestContextBootstrapper]
09:54:23.968 [main] INFO org.springframework.boot.test.context.SpringBootTestContextBootstrapper - Neither @ContextConfiguration nor @ContextHierarchy found for test class [com.javasampleapproach.cassandra.SpringDataCassandraApplicationTests], using SpringBootContextLoader
09:54:23.969 [main] DEBUG org.springframework.test.context.support.AbstractContextLoader - Did not detect default resource location for test class [com.javasampleapproach.cassandra.SpringDataCassandraApplicationTests]: class path resource [com/javasampleapproach/cassandra/SpringDataCassandraApplicationTests-context.xml] does not exist
09:54:23.969 [main] DEBUG org.springframework.test.context.support.AbstractContextLoader - Did not detect default resource location for test class [com.javasampleapproach.cassandra.SpringDataCassandraApplicationTests]: class path resource [com/javasampleapproach/cassandra/SpringDataCassandraApplicationTestsContext.groovy] does not exist
09:54:23.970 [main] INFO org.springframework.test.context.support.AbstractContextLoader - Could not detect default resource locations for test class [com.javasampleapproach.cassandra.SpringDataCassandraApplicationTests]: no resource found for suffixes {-context.xml, Context.groovy}.
09:54:23.970 [main] INFO org.springframework.test.context.support.AnnotationConfigContextLoaderUtils - Could not detect default configuration classes for test class [com.javasampleapproach.cassandra.SpringDataCassandraApplicationTests]: SpringDataCassandraApplicationTests does not declare any static, non-private, non-final, nested classes annotated with @Configuration.
09:54:23.973 [main] DEBUG org.springframework.test.context.support.ActiveProfilesUtils - Could not find an 'annotation declaring class' for annotation type [org.springframework.test.context.ActiveProfiles] and class [com.javasampleapproach.cassandra.SpringDataCassandraApplicationTests]
09:54:23.973 [main] DEBUG org.springframework.core.env.StandardEnvironment - Adding [systemProperties] PropertySource with lowest search precedence
09:54:23.974 [main] DEBUG org.springframework.core.env.StandardEnvironment - Adding [systemEnvironment] PropertySource with lowest search precedence
09:54:23.974 [main] DEBUG org.springframework.core.env.StandardEnvironment - Initialized StandardEnvironment with PropertySources [systemProperties,systemEnvironment]
09:54:23.974 [main] DEBUG org.springframework.core.io.support.PathMatchingResourcePatternResolver - Resolved classpath location [com/javasampleapproach/cassandra/] to resources [URL [file:/home/tuannh/eclipse-workspace/SpringDataCassandra/target/test-classes/com/javasampleapproach/cassandra/]]
09:54:23.974 [main] DEBUG org.springframework.core.io.support.PathMatchingResourcePatternResolver - Looking for matching resources in directory tree [/home/tuannh/eclipse-workspace/SpringDataCassandra/target/test-classes/com/javasampleapproach/cassandra]
09:54:23.975 [main] DEBUG org.springframework.core.io.support.PathMatchingResourcePatternResolver - Searching directory [/home/tuannh/eclipse-workspace/SpringDataCassandra/target/test-classes/com/javasampleapproach/cassandra] for files matching pattern [/home/tuannh/eclipse-workspace/SpringDataCassandra/target/test-classes/com/javasampleapproach/cassandra/*.class]
09:54:23.976 [main] DEBUG org.springframework.core.io.support.PathMatchingResourcePatternResolver - Resolved location pattern [classpath*:com/javasampleapproach/cassandra/*.class] to resources [file [/home/tuannh/eclipse-workspace/SpringDataCassandra/target/test-classes/com/javasampleapproach/cassandra/SpringDataCassandraApplicationTests.class]]
09:54:23.977 [main] DEBUG org.springframework.core.io.support.PathMatchingResourcePatternResolver - Resolved classpath location [com/javasampleapproach/] to resources [URL [file:/home/tuannh/eclipse-workspace/SpringDataCassandra/target/test-classes/com/javasampleapproach/]]
09:54:23.977 [main] DEBUG org.springframework.core.io.support.PathMatchingResourcePatternResolver - Looking for matching resources in directory tree [/home/tuannh/eclipse-workspace/SpringDataCassandra/target/test-classes/com/javasampleapproach]
09:54:23.977 [main] DEBUG org.springframework.core.io.support.PathMatchingResourcePatternResolver - Searching directory [/home/tuannh/eclipse-workspace/SpringDataCassandra/target/test-classes/com/javasampleapproach] for files matching pattern [/home/tuannh/eclipse-workspace/SpringDataCassandra/target/test-classes/com/javasampleapproach/*.class]
09:54:23.978 [main] DEBUG org.springframework.core.io.support.PathMatchingResourcePatternResolver - Resolved location pattern [classpath*:com/javasampleapproach/*.class] to resources []
09:54:23.979 [main] DEBUG org.springframework.core.io.support.PathMatchingResourcePatternResolver - Resolved classpath location [com/] to resources [URL [file:/home/tuannh/eclipse-workspace/SpringDataCassandra/target/test-classes/com/], URL [file:/home/tuannh/eclipse-workspace/SpringDataCassandra/target/classes/com/], URL [jar:file:/home/tuannh/repository/com/google/guava/guava/19.0/guava-19.0.jar!/com/], URL [jar:file:/home/tuannh/repository/com/datastax/cassandra/cassandra-driver-core/3.1.3/cassandra-driver-core-3.1.3.jar!/com/], URL [jar:file:/home/tuannh/repository/io/dropwizard/metrics/metrics-core/3.1.2/metrics-core-3.1.2.jar!/com/], URL [jar:file:/home/tuannh/repository/com/github/jnr/jffi/1.2.10/jffi-1.2.10.jar!/com/], URL [jar:file:/home/tuannh/repository/com/github/jnr/jnr-x86asm/1.0.2/jnr-x86asm-1.0.2.jar!/com/], URL [jar:file:/home/tuannh/repository/com/github/jnr/jnr-constants/0.9.0/jnr-constants-0.9.0.jar!/com/], URL [jar:file:/home/tuannh/repository/com/jayway/jsonpath/json-path/2.2.0/json-path-2.2.0.jar!/com/]]
09:54:23.979 [main] DEBUG org.springframework.core.io.support.PathMatchingResourcePatternResolver - Looking for matching resources in directory tree [/home/tuannh/eclipse-workspace/SpringDataCassandra/target/test-classes/com]
09:54:23.979 [main] DEBUG org.springframework.core.io.support.PathMatchingResourcePatternResolver - Searching directory [/home/tuannh/eclipse-workspace/SpringDataCassandra/target/test-classes/com] for files matching pattern [/home/tuannh/eclipse-workspace/SpringDataCassandra/target/test-classes/com/*.class]
09:54:23.979 [main] DEBUG org.springframework.core.io.support.PathMatchingResourcePatternResolver - Looking for matching resources in directory tree [/home/tuannh/eclipse-workspace/SpringDataCassandra/target/classes/com]
09:54:23.979 [main] DEBUG org.springframework.core.io.support.PathMatchingResourcePatternResolver - Searching directory [/home/tuannh/eclipse-workspace/SpringDataCassandra/target/classes/com] for files matching pattern [/home/tuannh/eclipse-workspace/SpringDataCassandra/target/classes/com/*.class]
09:54:23.980 [main] DEBUG org.springframework.core.io.support.PathMatchingResourcePatternResolver - Looking for matching resources in jar file [file:/home/tuannh/repository/com/google/guava/guava/19.0/guava-19.0.jar]
09:54:23.983 [main] DEBUG org.springframework.core.io.support.PathMatchingResourcePatternResolver - Looking for matching resources in jar file [file:/home/tuannh/repository/com/datastax/cassandra/cassandra-driver-core/3.1.3/cassandra-driver-core-3.1.3.jar]
09:54:23.985 [main] DEBUG org.springframework.core.io.support.PathMatchingResourcePatternResolver - Looking for matching resources in jar file [file:/home/tuannh/repository/io/dropwizard/metrics/metrics-core/3.1.2/metrics-core-3.1.2.jar]
09:54:23.985 [main] DEBUG org.springframework.core.io.support.PathMatchingResourcePatternResolver - Looking for matching resources in jar file [file:/home/tuannh/repository/com/github/jnr/jffi/1.2.10/jffi-1.2.10.jar]
09:54:23.986 [main] DEBUG org.springframework.core.io.support.PathMatchingResourcePatternResolver - Looking for matching resources in jar file [file:/home/tuannh/repository/com/github/jnr/jnr-x86asm/1.0.2/jnr-x86asm-1.0.2.jar]
09:54:23.986 [main] DEBUG org.springframework.core.io.support.PathMatchingResourcePatternResolver - Looking for matching resources in jar file [file:/home/tuannh/repository/com/github/jnr/jnr-constants/0.9.0/jnr-constants-0.9.0.jar]
09:54:23.986 [main] DEBUG org.springframework.core.io.support.PathMatchingResourcePatternResolver - Looking for matching resources in jar file [file:/home/tuannh/repository/com/jayway/jsonpath/json-path/2.2.0/json-path-2.2.0.jar]
09:54:23.986 [main] DEBUG org.springframework.core.io.support.PathMatchingResourcePatternResolver - Resolved location pattern [classpath*:com/*.class] to resources []
]]></system-out>
  </testcase>
</testsuite>